[33mThe CJS build of Vite's Node API is deprecated. See https://vite.dev/guide/troubleshooting.html#vite-cjs-node-api-deprecated for more details.[39m
vite v5.4.21 building for production...
transforming...
(node:76944) [MODULE_TYPELESS_PACKAGE_JSON] Warning: Module type of file:///home/unknown/Desktop/Ufriends%202.0/main%202.0/postcss.config.js is not specified and it doesn't parse as CommonJS.
Reparsing as ES module because module syntax was detected. This incurs a performance overhead.
To eliminate this warning, add "type": "module" to /home/unknown/Desktop/Ufriends 2.0/main 2.0/package.json.
(Use `node --trace-warnings ...` to show where the warning was created)
✓ 6 modules transformed.
x Build failed in 681ms
error during build:
[vite:esbuild] Transform failed with 3 errors:
/home/unknown/Desktop/Ufriends 2.0/main 2.0/src/components/layout/DashboardLayout.jsx:22:7: ERROR: The symbol "User" has already been declared
/home/unknown/Desktop/Ufriends 2.0/main 2.0/src/components/layout/DashboardLayout.jsx:31:7: ERROR: The symbol "Landmark" has already been declared
/home/unknown/Desktop/Ufriends 2.0/main 2.0/src/components/layout/DashboardLayout.jsx:37:7: ERROR: The symbol "MessageSquare" has already been declared
file: /home/unknown/Desktop/Ufriends 2.0/main 2.0/src/components/layout/DashboardLayout.jsx:22:7

The symbol "User" has already been declared
20 |  import Wifi from 'lucide-react/dist/esm/icons/wifi';
21 |  import GraduationCap from 'lucide-react/dist/esm/icons/graduation-cap';
22 |  import User from 'lucide-react/dist/esm/icons/user';
   |         ^
23 |  import Megaphone from 'lucide-react/dist/esm/icons/megaphone';
24 |  import BarChart from 'lucide-react/dist/esm/icons/bar-chart-2';

The symbol "Landmark" has already been declared
29 |  import Banknote from 'lucide-react/dist/esm/icons/banknote';
30 |  import Tag from 'lucide-react/dist/esm/icons/tag';
31 |  import Landmark from 'lucide-react/dist/esm/icons/landmark';
   |         ^
32 |  import Book from 'lucide-react/dist/esm/icons/book';
33 |  import Activity from 'lucide-react/dist/esm/icons/activity';

The symbol "MessageSquare" has already been declared
35 |  
36 |  import CalculatorIcon from 'lucide-react/dist/esm/icons/calculator';
37 |  import MessageSquare from 'lucide-react/dist/esm/icons/message-square';
   |         ^
38 |  import Globe from 'lucide-react/dist/esm/icons/globe';
39 |  import ArrowRightLeft from 'lucide-react/dist/esm/icons/arrow-right-left';

    at failureErrorWithLog (/home/unknown/Desktop/Ufriends 2.0/main 2.0/node_modules/vite/node_modules/esbuild/lib/main.js:1472:15)
    at /home/unknown/Desktop/Ufriends 2.0/main 2.0/node_modules/vite/node_modules/esbuild/lib/main.js:755:50
    at responseCallbacks.<computed> (/home/unknown/Desktop/Ufriends 2.0/main 2.0/node_modules/vite/node_modules/esbuild/lib/main.js:622:9)
    at handleIncomingPacket (/home/unknown/Desktop/Ufriends 2.0/main 2.0/node_modules/vite/node_modules/esbuild/lib/main.js:677:12)
    at Socket.readFromStdout (/home/unknown/Desktop/Ufriends 2.0/main 2.0/node_modules/vite/node_modules/esbuild/lib/main.js:600:7)
    at Socket.emit (node:events:524:28)
    at addChunk (node:internal/streams/readable:561:12)
    at readableAddChunkPushByteMode (node:internal/streams/readable:512:3)
    at Readable.push (node:internal/streams/readable:392:5)
    at Pipe.onStreamRead (node:internal/stream_base_commons:191:23)
